
patent_id = D607014
    |orgin = DLP Limited  (Braddan,  IM)
        |assignee = DLP Limited
            |location = (Braddan,  IM)

patent_id = 7639283
    |orgin = IPG Electronics 503 Limited  (St. Peter Port,  GG)
        |assignee = IPG Electronics 503 Limited
            |location = (St. Peter Port,  GG)

patent_id = D606563
    |orgin = DLP Limited  (Braddan,  IM)
        |assignee = DLP Limited
            |location = (Braddan,  IM)

patent_id = D605280
    |orgin = Tiger Focus Trading Ltd.  (Apia,  WS)
        |assignee = Tiger Focus Trading Ltd.
            |location = (Apia,  WS)

patent_id = 7620707
    |orgin = Kaseya International Limited  (St. Helier,  JE)
        |assignee = Kaseya International Limited
            |location = (St. Helier,  JE)

patent_id = 7616976
    |orgin = IPG Electronics 504 Limited  (St. Peter Port,  GG)
        |assignee = IPG Electronics 504 Limited
            |location = (St. Peter Port,  GG)

patent_id = 7605320
    |orgin = IPG Electronics 504 Limited  (St. Peter Port,  GG)
        |assignee = IPG Electronics 504 Limited
            |location = (St. Peter Port,  GG)

patent_id = 7603495
    |orgin = IPG Electronics 503 Limited (GG)
        |assignee = IPG Electronics 503 Limited
            |location = (GG)

patent_id = 7599746
    |orgin = Standen Ltd  (St. Helier,  JE)
        |assignee = Standen Ltd
            |location = (St. Helier,  JE)

patent_id = 7593710
    |orgin = IPG Electronics 504 Limited  (St. Peter Port,  GG)
        |assignee = IPG Electronics 504 Limited
            |location = (St. Peter Port,  GG)

patent_id = 7587207
    |orgin = IPG Electronics 503 Limited  (St. Peter Port,  GG)
        |assignee = IPG Electronics 503 Limited
            |location = (St. Peter Port,  GG)

patent_id = 7584796
    |orgin = Coupler Developments Limited  (Douglas,  IM)
        |assignee = Coupler Developments Limited
            |location = (Douglas,  IM)

patent_id = 7565205
    |orgin = Standen Ltd.  (St. Helier Jersey,  JE)
        |assignee = Standen Ltd.
            |location = (St. Helier Jersey,  JE)

patent_id = 7565206
    |orgin = Standen Ltd.  (La Rue le Masurier, St. Helier Jersey,  JE)
        |assignee = Standen Ltd.
            |location = (La Rue le Masurier, St. Helier Jersey,  JE)

patent_id = D596278
    |orgin = DLP Limited (IM)
        |assignee = DLP Limited
            |location = (IM)

patent_id = 7553924
    |orgin = National Sun Yat-Sen University  (Kaoshiung,  RW)
        |assignee = National Sun Yat-Sen University
            |location = (Kaoshiung,  RW)

patent_id = 7553327
    |orgin = The Nice Trust, A Trust Of The Isle of Man (IM)
        |assignee = The Nice Trust, A Trust Of The Isle of Man
            |location = (IM)

patent_id = 7543834
    |orgin = M W Innovators Limited  (Douglas,  IM)
        |assignee = M W Innovators Limited
            |location = (Douglas,  IM)

patent_id = 7529930
    |orgin = Resource Consortium Limited  (Tortola,  BV)
        |assignee = Resource Consortium Limited
            |location = (Tortola,  BV)

patent_id = 7519420
    |orgin = Standen Ltd  (St. Helier,  JE)
        |assignee = Standen Ltd
            |location = (St. Helier,  JE)

patent_id = 7510578
    |orgin = The Nice Trust  (Douglas,  IM)
        |assignee = The Nice Trust
            |location = (Douglas,  IM)

patent_id = 7499423
    |orgin = Cisco Technology, Inc. (US) (
        |assignee = Cisco Technology, Inc. (US) (

patent_id = 7494248
    |orgin = Jaffe Limited  (Tortola,  BV)
        |assignee = Jaffe Limited
            |location = (Tortola,  BV)

patent_id = 7480636
    |orgin = Wraptech Limited  (Douglas,  IM)
        |assignee = Wraptech Limited
            |location = (Douglas,  IM)
