Crawling Assignee from USPTO, start at 2012-10-04 23:58:22 +0800
Index:1 => Patent_id:7155746 => Assignee:Kimberly-Clark Worldwide, Inc. => Location: (Neenah, WI)
Index:2 => Patent_id:7155747 => Assignee:BHC Engineering, LP => Location: (Maitland, FL)
Index:3 => Patent_id:7155748 => Assignee:Kohler Co. => Location: (Kohler, WI)
Index:4 => Patent_id:7155749 => Without Assignee
Index:5 => Patent_id:7155750 => Assignee:Nakatomi Industrial Co., Ltd. => Location: (Ota-shi, JP)
Index:6 => Patent_id:7155751 => Without Assignee
Index:7 => Patent_id:7155752 => Without Assignee
Index:8 => Patent_id:7155753 => Assignee:Aisin Seiki Kabushiki Kaisha => Location: (Kariya, JP)
Index:9 => Patent_id:7155754 => Assignee:JYC International, Inc. => Location: (Houston, TX)
Index:10 => Patent_id:7155755 => Assignee:Colivier Pty Ltd. => Location: (North Fremantle, AU)
Index:11 => Patent_id:7155756 => Without Assignee
Index:12 => Patent_id:7155757 => Without Assignee
Index:13 => Patent_id:7155758 => Assignee:Berke; Joseph J. => Location: (West Bloomfield, MI)
Index:14 => Patent_id:7155759 => Without Assignee
Index:15 => Patent_id:7155760 => Assignee:McAlpine & Company Limited => Location:(GB)
Index:16 => Patent_id:7155761 => Assignee:Lane Furniture Industries, Inc. => Location: (Tupelo, MS)
Index:17 => Patent_id:7155762 => Without Assignee
Index:18 => Patent_id:7155763 => Without Assignee
Index:19 => Patent_id:7155764 => Assignee:Traverse Rescue LLC => Location: (Kelowna, unknown)
Index:20 => Patent_id:7155765 => Assignee:Tempur World, LLC => Location: (Lexington, KY)
Index:21 => Patent_id:7155766 => Assignee:Scott Technology LLC => Location: (Oxford, CT)
Index:22 => Patent_id:7155767 => Assignee:Hoya Corporation => Location:(JP)
Index:23 => Patent_id:7155768 => Assignee:Penguin Wax Co., Ltd. => Location: (Osaka, JP)
Index:24 => Patent_id:7155769 => Without Assignee
Index:25 => Patent_id:7155770 => Assignee:Suncast Corporation => Location: (Batavia, IL)
Index:26 => Patent_id:7155771 => Assignee:F.LLI RE S.p.A. => Location: (Rho, IT)
Index:27 => Patent_id:7155772 => Assignee:Samsung Gwangju Electronics Co., Ltd. => Location: (Gwangju, KR)
Index:28 => Patent_id:7155773 => Assignee:Alfred Kaercher GmbH & Co. KG => Location: (Winnenden, DE)
Index:29 => Patent_id:7155774 => Assignee:Samsung Gwangju Electronics Co., Ltd => Location: (Gwangju, KR)
Index:30 => Patent_id:7155775 => Without Assignee
Index:31 => Patent_id:7155776 => Assignee:I-One Innotech Co., Ltd. => Location: (Gyeonggi-Do, KR)
Index:32 => Patent_id:7155777 => Assignee:Lexmark International, Inc. => Location: (Lexington, KY)
Index:33 => Patent_id:7155778 => Assignee:Amesbury Group, Inc. => Location: (Amesbury, MA)
Index:34 => Patent_id:7155779 => Assignee:Logical Decisions, Inc. => Location: (Baton Rouge, LA)
Index:35 => Patent_id:7155780 => Assignee:Sutech Trading Limited => Location: (Tortola, VG)
Index:36 => Patent_id:7155781 => Assignee:Kabushiki Kaisha Strawberry Corporation => Location:(JP)
Index:36 => Patent_id:7155781 => Assignee:Sony Ericsson Mobile Communications Japan, Inc. => Location:(JP)
Index:37 => Patent_id:7155782 => Without Assignee
Index:38 => Patent_id:7155783 => Assignee:Newfrey LLC => Location: (Newark, DE)
Index:39 => Patent_id:7155784 => Without Assignee
Index:40 => Patent_id:7155785 => Assignee:Kabushiki Kaisha Tokai-Rika-Denki-Seisakusho => Location: (Aichi-ken, JP)
Index:41 => Patent_id:7155786 => Assignee:Illinois Tool Works Inc => Location: (Glenview, IL)
Index:42 => Patent_id:7155787 => Assignee:Saurer GmbH & Co. KG => Location: (Monchengladbach, DE)
Index:43 => Patent_id:7155788 => Assignee:Leadjeck Automation Co., Ltd. => Location: (Taichung, TW)
Index:44 => Patent_id:7155789 => Without Assignee
Index:45 => Patent_id:7155790 => Assignee:Designed Metal Connections => Location: (Gardena, CA)
Index:46 => Patent_id:7155791 => Without Assignee
Index:47 => Patent_id:7155792 => Without Assignee
Index:48 => Patent_id:7155793 => Assignee:Ford Global Technologies, LLC => Location: (Dearborn, MI)
Index:49 => Patent_id:7155795 => Assignee:Bloom; Leonard => Location: (Towson, MD)
Index:50 => Patent_id:7155796 => Assignee:GeneralSports Turf, LLC => Location: (Rochester, MI)
Index:51 => Patent_id:7155797 => Without Assignee
Index:52 => Patent_id:7155798 => Assignee:Profil Verbindungstechnik GmbH & Co. KG => Location:(DE)
Index:53 => Patent_id:7155799 => Assignee:Davenport Machine, Inc. => Location: (Rochester, NY)
Index:54 => Patent_id:7155800 => Assignee:General Electric Company => Location: (Schenectady, NY)
Index:55 => Patent_id:7155801 => Assignee:BASF Aktiengesellschaft => Location: (Ludwigshafen, DE)
Index:56 => Patent_id:7155802 => Without Assignee
Index:57 => Patent_id:7155803 => Assignee:MKS Instruments Inc. => Location: (Andover, MA)
Index:58 => Patent_id:7155804 => Assignee:Moog Inc. => Location: (East Aurora, NY)
Index:59 => Patent_id:7155805 => Assignee:Denso Corporation => Location: (Kariya, JP)
Index:60 => Patent_id:7155806 => Assignee:EMS-Europe Metalli Superconductors S.p.A. => Location: (Florence, IT)
Index:61 => Patent_id:7155807 => Assignee:Hitachi Global Storage Technologies Netherlands BV => Location: (Amsterdam, NL)
Index:62 => Patent_id:7155808 => Assignee:TDK Corporation => Location: (Tokyo, JP)
Index:63 => Patent_id:7155809 => Assignee:Headway Technologies, Inc => Location: (Milpitas, CA)
Index:63 => Patent_id:7155809 => Assignee:SAE Magnetics (H.K.) Ltd. => Location: (Hong Kong, HK)
Index:64 => Patent_id:7155810 => Assignee:Hitachi Global Storage Technologies Netherlands, B.V. => Location: (Amsterdam, NL)
Index:65 => Patent_id:7155811 => Assignee:Black & Decker Inc. => Location: (Newark, DE)
Index:66 => Patent_id:7155812 => Assignee:Sandia Corporation => Location: (Albuquerque, NM)
Index:67 => Patent_id:7155813 => Assignee:Data I/O Corporation => Location: (Redmond, WA)
Index:68 => Patent_id:7155814 => Assignee:Fuji Photo Film Co., Ltd. => Location: (Kanagawa, JP)
Index:69 => Patent_id:7155815 => Assignee:Novar GmbH => Location:(DE)
Index:70 => Patent_id:7155816 => Assignee:TDK Corporation => Location: (Tokyo, JP)
Index:71 => Patent_id:7155817 => Assignee:Matsushita Electric Industrial Co., Ltd. => Location: (Osaka, JP)
Index:72 => Patent_id:7155818 => Without Assignee
Index:73 => Patent_id:7155819 => Assignee:Intel Corporation => Location: (Santa Clara, CA)
Index:74 => Patent_id:7155820 => Assignee:Matsushita Electric Industrial Co., Ltd. => Location: (Osaka, JP)
Index:75 => Patent_id:7155821 => Assignee:EMC Corporation => Location: (Hopkinton, MA)
Index:76 => Patent_id:7155822 => Assignee:Hewlett-Packard Development Company, L.P. => Location: (Houston, TX)
Index:77 => Patent_id:7155823 => Assignee:Silverbrook Research Pty Ltd => Location: (Balmain, AU)
Index:78 => Patent_id:7155824 => Assignee:American Axle & Manufacturing, Inc. => Location: (Detroit, MI)
Index:79 => Patent_id:7155825 => Assignee:Lind Finance & Development AB => Location: (Gothenburg, SE)
Index:80 => Patent_id:7155826 => Assignee:Paul Muller GmbH & Co. KG Unternehmensbeteiligungen => Location: (Ahlen, DE)
Index:81 => Patent_id:7155827 => Assignee:Torque-Traction Technologies, LLC. => Location: (Maumee, OH)
Index:82 => Patent_id:7155828 => Assignee:Eveready Battery Company, Inc. => Location: (St. Louis, MO)
Index:83 => Patent_id:7155829 => Without Assignee
Index:84 => Patent_id:7155830 => Assignee:Honda Motor Co., Ltd. => Location:(JP)
Index:85 => Patent_id:7155831 => Assignee:Hong Fu Jin Precision Ind. (Shenzhen) Co., Ltd. => Location: (Shenzhen, CN)
Index:85 => Patent_id:7155831 => Assignee:Hon Hai Precision Ind. Co., Ltd. => Location: (Tu-Cheng, TW)
Index:86 => Patent_id:7155832 => Assignee:Husqvarna Outdoor Products Inc. => Location: (Augusta, GA)
Index:87 => Patent_id:7155833 => Assignee:Yamcon, Inc. => Location: (Rancho Santa Margarita, CA)
Index:88 => Patent_id:7155834 => Without Assignee
Index:89 => Patent_id:7155835 => Assignee:Trimble Navigation Limited => Location: (Sunnyvale, CA)
Index:90 => Patent_id:7155836 => Assignee:Samsung Electronics Co., Ltd. => Location: (Suwon-Si, KR)
Index:91 => Patent_id:7155837 => Assignee:Samsung Electronics Co., Ltd. => Location: (Suwon-si, KR)
Index:92 => Patent_id:7155838 => Assignee:Se-Kure Controls, Inc. => Location: (Franklin Park, IL)
Index:93 => Patent_id:7155839 => Assignee:Dr. Johannes Heidenhain GmbH => Location: (Traunreut, DE)
Index:94 => Patent_id:7155840 => Without Assignee
Index:95 => Patent_id:7155841 => Assignee:Earth Care Products, Inc. => Location: (Independence, KS)
Index:96 => Patent_id:7155842 => Without Assignee
Index:97 => Patent_id:7155843 => Assignee:Akeva, L.L.C. => Location: (Greensboro, NC)
Index:98 => Patent_id:7155844 => Without Assignee
Index:99 => Patent_id:7155845 => Assignee:Exten.S => Location: (Cholet, FR)
Index:100 => Patent_id:7155846 => Assignee:Nike, Inc. => Location: (Beaverton, OR)
with_assignee = 77
without_assignee = 23
page_error = 0
total = 100

Page Error Patent_id = []

End time at: 2012-10-05 00:00:53 +0800

Process Duration: 151.090236574 seconds

