
patent_id = D607014
        |origin = DLP Limited  (Braddan,  IM)
            |str = DLP Limited  (Braddan,  IM)
patent_id = 7639283
        |origin = IPG Electronics 503 Limited  (St. Peter Port,  GG)
            |str = IPG Electronics 503 Limited  (St. Peter Port,  GG)
patent_id = D606563
        |origin = DLP Limited  (Braddan,  IM)
            |str = DLP Limited  (Braddan,  IM)
patent_id = D605280
        |origin = Tiger Focus Trading Ltd.  (Apia,  WS)
            |str = Tiger Focus Trading Ltd.  (Apia,  WS)
patent_id = 7620707
        |origin = Kaseya International Limited  (St. Helier,  JE)
            |str = Kaseya International Limited  (St. Helier,  JE)
patent_id = 7616976
        |origin = IPG Electronics 504 Limited  (St. Peter Port,  GG)
            |str = IPG Electronics 504 Limited  (St. Peter Port,  GG)
patent_id = 7605320
        |origin = IPG Electronics 504 Limited  (St. Peter Port,  GG)
            |str = IPG Electronics 504 Limited  (St. Peter Port,  GG)
patent_id = 7603495
        |origin = IPG Electronics 503 Limited (GG)
            |str = IPG Electronics 503 Limited (GG)
patent_id = 7599746
        |origin = Standen Ltd  (St. Helier,  JE)
            |str = Standen Ltd  (St. Helier,  JE)
patent_id = 7593710
        |origin = IPG Electronics 504 Limited  (St. Peter Port,  GG)
            |str = IPG Electronics 504 Limited  (St. Peter Port,  GG)
patent_id = 7587207
        |origin = IPG Electronics 503 Limited  (St. Peter Port,  GG)
            |str = IPG Electronics 503 Limited  (St. Peter Port,  GG)
patent_id = 7584796
        |origin = Coupler Developments Limited  (Douglas,  IM)
            |str = Coupler Developments Limited  (Douglas,  IM)
patent_id = 7565205
        |origin = Standen Ltd.  (St. Helier Jersey,  JE)
            |str = Standen Ltd.  (St. Helier Jersey,  JE)
patent_id = 7565206
        |origin = Standen Ltd.  (La Rue le Masurier, St. Helier Jersey,  JE)
            |str = Standen Ltd.  (La Rue le Masurier, St. Helier Jersey,  JE)
patent_id = D596278
        |origin = DLP Limited (IM)
            |str = DLP Limited (IM)
patent_id = 7553924
        |origin = National Sun Yat-Sen University  (Kaoshiung,  RW)
            |str = National Sun Yat-Sen University  (Kaoshiung,  RW)
patent_id = 7553327
        |origin = The Nice Trust, A Trust Of The Isle of Man (IM)
            |str = The Nice Trust, A Trust Of The Isle of Man (IM)
patent_id = 7543834
        |origin = M W Innovators Limited  (Douglas,  IM)
            |str = M W Innovators Limited  (Douglas,  IM)
patent_id = 7529930
        |origin = Resource Consortium Limited  (Tortola,  BV)
            |str = Resource Consortium Limited  (Tortola,  BV)
patent_id = 7519420
        |origin = Standen Ltd  (St. Helier,  JE)
            |str = Standen Ltd  (St. Helier,  JE)
patent_id = 7510578
        |origin = The Nice Trust  (Douglas,  IM)
            |str = The Nice Trust  (Douglas,  IM)
patent_id = 7499423
        |origin = Cisco Technology, Inc. (US) (
            |str = Cisco Technology, Inc. (US) (
patent_id = 7494248
        |origin = Jaffe Limited  (Tortola,  BV)
            |str = Jaffe Limited  (Tortola,  BV)
patent_id = 7480636
        |origin = Wraptech Limited  (Douglas,  IM)
            |str = Wraptech Limited  (Douglas,  IM)