Crawling Assignee from USPTO -- 2009
Index:1  =>  Patent_id:7472595  =>  Assignee:L'Oreal  =>  Location:(Paris, FR)
Index:3  =>  Patent_id:7472597  =>  Assignee:Shenzhen Mindray Bio-Medical Electronics Co., Ltd.  =>  Location:(Shenzhen, CN)
Index:4  =>  Patent_id:7472598  =>  Assignee:Agfa NDT GmbH  =>  Location:(Hurth, DE)
Index:5  =>  Patent_id:7472599  =>  Assignee:Caterpillar Inc.  =>  Location:(Peoria, IL)
Index:6  =>  Patent_id:7472600  =>  Assignee:Kistler Holding AG  =>  Location:(Winterthur, CH)
Index:7  =>  Patent_id:7472601  =>  Assignee:Radi Medical Systems AB  =>  Location:(Uppsala, SE)
Index:8  =>  Patent_id:7472602  =>  Assignee:Livermore Software Technology Corporation  =>  Location:(Livermore, CA)
Index:9  =>  Patent_id:7472603  =>  Assignee:Frontics, Inc.  =>  Location:(KR)
Index:9  =>  Patent_id:7472603  =>  Assignee:Jung; Won Seok  =>  Location:(KR)
Index:10  =>  Patent_id:7472604  =>  Assignee:Bose Corporation  =>  Location:(Framingham, MA)
Index:11  =>  Patent_id:7472605  =>  Assignee:Sentec Limited  =>  Location:(Cambridge, GB)
Index:12  =>  Patent_id:7472606  =>  Assignee:Micro Motion, Inc.  =>  Location:(Boulder, CO)
Index:13  =>  Patent_id:7472607  =>  Assignee:Endress + Hauser Flowtec AG  =>  Location:Endress + Hauser Flowtec AG (Reinach, CH)
Index:14  =>  Patent_id:7472608  =>  Assignee:Rosemount Inc.  =>  Location:(Eden Prairie, MN)
Index:16  =>  Patent_id:7472610  =>  Assignee:Cummins Filtration IP, Inc  =>  Location:(Minneapolis, MN)
Index:17  =>  Patent_id:7472611  =>  Assignee:Fujitsu Limited  =>  Location:(Kawasaki, JP)
Index:17  =>  Patent_id:7472611  =>  Assignee:Fujitsu Media Devices  =>  Location:(Yokohama, JP)
Index:19  =>  Patent_id:7472613  =>  Assignee:Alcan International Limited  =>  Location:(Montreal, Quebec, CA)
Index:20  =>  Patent_id:7472615  =>  Assignee:A+Manufacturing, LLC  =>  Location:A+Manufacturing, LLC (Gonzales, LA)
Index:21  =>  Patent_id:7472616  =>  Assignee:GETRAG Getriebe- und Zahnradfabrik Hermann Hagenmeyer GmbH & Cie KG  =>  Location:(Untergruppenbach, DE)
Index:22  =>  Patent_id:7472617  =>  Assignee:Getrag Getriebe- und Zahnradfabrik Hermann Hagenmeyer GmbH & Cie KG  =>  Location:(Untergruppenbach, DE)
Index:23  =>  Patent_id:7472619  =>  Assignee:Hansen Transmissions International NV  =>  Location:(Antwerp, BE)
Index:24  =>  Patent_id:7472620  =>  Assignee:Enplas Corporation  =>  Location:(Saitama, JP)
Index:25  =>  Patent_id:7472621  =>  Assignee:Kabushiki Kaisha Tokai Rika Denki Seisakusho  =>  Location:(Ohguchi-Cho, Niwa-Gun Aichi, JP)
Index:26  =>  Patent_id:7472622  =>  Assignee:NTN Corporation  =>  Location:(Osaka, JP)
Index:27  =>  Patent_id:7472623  =>  Assignee:La-Z-Boy Incorporated  =>  Location:(Monroe, MI)
Index:28  =>  Patent_id:7472624  =>  Assignee:Ventra Group Inc.  =>  Location:(Ontario, CA)
Index:29  =>  Patent_id:7472625  =>  Assignee:Great Performance Industries Co., Ltd.  =>  Location:(Hsi Chih, TW)
Index:30  =>  Patent_id:7472626  =>  Assignee:Shimano, Inc.  =>  Location:(Sakai-ku, Sakai, Osaka, JP)
Index:31  =>  Patent_id:7472627  =>  Assignee:Generals Motors Corporation  =>  Location:(Detroit, MI)
Index:32  =>  Patent_id:7472628  =>  Assignee:Intier Automotive Closures Inc.  =>  Location:(Newmarket, Ontario, CA)
Index:33  =>  Patent_id:7472629  =>  Assignee:JODA Enterprises, Inc.  =>  Location:(Chicago, IL)
Index:35  =>  Patent_id:7472631  =>  Assignee:Proxene Tools Co., Ltd.  =>  Location:(Taichung, TW)
Index:36  =>  Patent_id:7472632  =>  Assignee:Irwin Industrial Tool Company  =>  Location:(Huntersville, NC)
Index:37  =>  Patent_id:7472633  =>  Assignee:Factory Automation Technology Co., Ltd.  =>  Location:(Chiayi, TW)
Index:38  =>  Patent_id:7472634  =>  Assignee:SD3, LLC  =>  Location:(Tualatin, OR)
Index:39  =>  Patent_id:7472635  =>  Assignee:Dienes Werke fur Maschinenteile GmbH & Co. KG  =>  Location:(DE)
Index:40  =>  Patent_id:7472636  =>  Assignee:Z. Bavelloni S;p.A.  =>  Location:(Bregnano, IT)
Index:41  =>  Patent_id:7472637  =>  Assignee:Massachusetts Institute of Technology  =>  Location:(Cambridge, MA)
Index:42  =>  Patent_id:7472638  =>  Assignee:Caterpillar Inc.  =>  Location:(Peoria, IL)
Index:43  =>  Patent_id:7472639  =>  Assignee:Samsung Gwangju Electronics Co., Ltd.  =>  Location:(KR)
Index:44  =>  Patent_id:7472640  =>  Assignee:Gimatic S.p.A  =>  Location:(Brescia, IT)
Index:45  =>  Patent_id:7472641  =>  Assignee:Rheavendors S.p.A.  =>  Location:(Caronno Pertusella (VA), IT)
Index:46  =>  Patent_id:7472642  =>  Assignee:Nestec S.A.  =>  Location:(Vevey, CH)
Index:47  =>  Patent_id:7472643  =>  Assignee:Whirlpool Corporation  =>  Location:(Benton Harbor, MI)
Index:48  =>  Patent_id:7472644  =>  Assignee:Edgecraft Corporation  =>  Location:(Avondale, PA)
Index:49  =>  Patent_id:7472645  =>  Assignee:Carrier Commercial Refrigeration Inc.  =>  Location:(Charlotte, NC)
Index:50  =>  Patent_id:7472646  =>  Assignee:BSH Bosch und Siemens Hausgeraete GmbH  =>  Location:(Munich, DE)
Index:52  =>  Patent_id:7472648  =>  Assignee:Materiel pour l'Arboriculture Fruitiere  =>  Location:(Montauban, FR)
Index:53  =>  Patent_id:7472649  =>  Assignee:Deere & Company  =>  Location:(Moline, IL)
Index:54  =>  Patent_id:7472650  =>  Assignee:International Business Machines Corporation  =>  Location:(Armonk, NY)
Index:55  =>  Patent_id:7472651  =>  Assignee:Mitsubishi Heavy Industries, Ltd.  =>  Location:(Tokyo, JP)
Index:56  =>  Patent_id:7472652  =>  Assignee:The United States of America as represented by the Secretary of the Army  =>  Location:(Washington, DC)
Index:57  =>  Patent_id:7472653  =>  Assignee:United States of America as represented by the Secretary of the Navy  =>  Location:(Washington, DC)
Index:58  =>  Patent_id:7472654  =>  Assignee:Fastline Limited  =>  Location:(North Yorkshire, GB)
Index:60  =>  Patent_id:7472656  =>  Assignee:Oakworks, Inc.  =>  Location:(Shrewsbury, PA)
Index:61  =>  Patent_id:7472657  =>  Assignee:Fuel and Furnace Consulting, Inc.  =>  Location:(Venetia, PA)
Index:62  =>  Patent_id:7472658  =>  Assignee:Energy Performance Systems, Inc.  =>  Location:(Rogers, MN)
Index:64  =>  Patent_id:7472660  =>  Assignee:Deere & Company  =>  Location:(Moline, IL)
Index:65  =>  Patent_id:7472661  =>  Assignee:Aquablok, Ltd  =>  Location:(Toledo, OH)
Index:66  =>  Patent_id:7472662  =>  Assignee:Deere & Company  =>  Location:(Moline, IL)
Index:67  =>  Patent_id:7472663  =>  Assignee:CNH America, LLC  =>  Location:(Racine, WI)
Index:68  =>  Patent_id:7472665  =>  Assignee:Calzoni S.r.l.  =>  Location:(Calderara Di Reno (Bologna), IT)
Index:70  =>  Patent_id:7472667  =>  Assignee:Sumitomo Chemical Co., Ltd.  =>  Location:(Osaka, JP)
Index:70  =>  Patent_id:7472667  =>  Assignee:Nippon Paper Papylia Company, Limited  =>  Location:(Shizuoka, JP)
Index:71  =>  Patent_id:7472668  =>  Assignee:Design Manufacture Limited  =>  Location:(N.T., HK)
Index:72  =>  Patent_id:7472669  =>  Assignee:Cargine Engineering AB  =>  Location:(Stockholm, SE)
Index:73  =>  Patent_id:7472670  =>  Assignee:Denso Corporation  =>  Location:(JP)
Index:73  =>  Patent_id:7472670  =>  Assignee:Nippon Soken, Inc.  =>  Location:(JP)
Index:74  =>  Patent_id:7472671  =>  Assignee:Schaeffler KG  =>  Location:(Herzogenaurach, DE)
Index:75  =>  Patent_id:7472672  =>  Assignee:Toyota Jidosha Kabushiki Kaisha  =>  Location:(Toyota-shi, JP)
Index:76  =>  Patent_id:7472673  =>  Assignee:Electromechanical Research Laboratories, Inc.  =>  Location:(New Albany, IN)
Index:77  =>  Patent_id:7472674  =>  Assignee:Ascometal  =>  Location:(Courbevoie, FR)
Index:78  =>  Patent_id:7472675  =>  Assignee:Dr. Ing. h.c.F. Porsche Aktiengesellschaft  =>  Location:(Stuttgart, DE)
Index:80  =>  Patent_id:7472678  =>  Assignee:Yanmar Co., Ltd.  =>  Location:(Osaka-shi, JP)
Index:81  =>  Patent_id:7472679  =>  Assignee:Denso Corporation  =>  Location:(JP)
Index:82  =>  Patent_id:7472680  =>  Assignee:Denso Corporation  =>  Location:(JP)
Index:83  =>  Patent_id:7472681  =>  Assignee:Denso Corporation  =>  Location:(JP)
Index:83  =>  Patent_id:7472681  =>  Assignee:Aisan Kogyo Kabushiki Kaisha  =>  Location:(JP)
Index:84  =>  Patent_id:7472682  =>  Assignee:Denso Corporation  =>  Location:(JP)
Index:84  =>  Patent_id:7472682  =>  Assignee:Aisan Industry Co., Ltd.  =>  Location:(JP)
Index:85  =>  Patent_id:7472683  =>  Assignee:Continental Automotive Systems US, Inc.  =>  Location:(Auburn Hills, unknown)
Index:86  =>  Patent_id:7472684  =>  Assignee:CNH America LLC  =>  Location:(New Holland, PA)
Index:87  =>  Patent_id:7472685  =>  Assignee:Honda Motor Co., Ltd.  =>  Location:(Tokyo, JP)
Index:88  =>  Patent_id:7472686  =>  Assignee:Honda Motor Co., Ltd.  =>  Location:(Tokyo, JP)
Index:89  =>  Patent_id:7472687  =>  Assignee:Visteon Global Technologies, Inc.  =>  Location:(Van Buren Township, MI)
Index:90  =>  Patent_id:7472688  =>  Assignee:Kokusan Denki Co., Ltd.  =>  Location:(Numazu-shi, JP)
Index:91  =>  Patent_id:7472689  =>  Assignee:Denso Corporation  =>  Location:(Kariya, JP)
Index:92  =>  Patent_id:7472690  =>  Assignee:Hitachi, Ltd.  =>  Location:(Tokyo, JP)
Index:93  =>  Patent_id:7472691  =>  Assignee:Denso Corporation  =>  Location:(JP)
Index:94  =>  Patent_id:7472692  =>  Assignee:Hitachi, Ltd.  =>  Location:(Tokyo, JP)
Index:95  =>  Patent_id:7472693  =>  Assignee:Denso Corporation  =>  Location:(JP)
Index:96  =>  Patent_id:7472694  =>  Assignee:Stant Manufacturing Inc.  =>  Location:(Connersville, IN)
Index:97  =>  Patent_id:7472695  =>  Assignee:Phillips & Temro Industries Inc.  =>  Location:(Eden Prairie, MN)
Index:98  =>  Patent_id:7472696  =>  Assignee:Caterpillar Inc.  =>  Location:(Peoria, IL)
Index:99  =>  Patent_id:7472697  =>  Assignee:Toyota Jidosha Kabushiki Kaisha  =>  Location:(Toyota, JP)
Index:99  =>  Patent_id:7472697  =>  Assignee:Denso Corporation  =>  Location:(Kariya, JP)
with_assignee = 90
without_assignee = 10
page_error = 0
total = 100

Page Error Patent_id = []

Process Duration: 478.711710394 seconds